CRITICAL - 2022-06-06 09:34:19 --> Call to undefined function bas_url()
#0 /var/www/vhosts/oirp-ong.com/oirp/system/View/View.php(210): include()
#1 /var/www/vhosts/oirp-ong.com/oirp/system/View/View.php(213): CodeIgniter\View\View->CodeIgniter\View\{closure}()
#2 /var/www/vhosts/oirp-ong.com/oirp/system/Common.php(1089): CodeIgniter\View\View->render()
#3 /var/www/vhosts/oirp-ong.com/oirp/app/Controllers/Page.php(57): view()
#4 /var/www/vhosts/oirp-ong.com/oirp/system/CodeIgniter.php(832): App\Controllers\Page->team()
#5 /var/www/vhosts/oirp-ong.com/oirp/system/CodeIgniter.php(419): CodeIgniter\CodeIgniter->runController()
#6 /var/www/vhosts/oirp-ong.com/oirp/system/CodeIgniter.php(326): CodeIgniter\CodeIgniter->handleRequest()
#7 /var/www/vhosts/oirp-ong.com/oirp/public/index.php(37): CodeIgniter\CodeIgniter->run()
#8 {main}
CRITICAL - 2022-06-06 12:54:46 --> Invalid file: oirp/pages/cause/images.php
#0 /var/www/vhosts/oirp-ong.com/oirp/system/View/View.php(198): CodeIgniter\Exceptions\FrameworkException::forInvalidFile()
#1 /var/www/vhosts/oirp-ong.com/oirp/system/Common.php(1089): CodeIgniter\View\View->render()
#2 /var/www/vhosts/oirp-ong.com/oirp/app/Controllers/Page.php(64): view()
#3 /var/www/vhosts/oirp-ong.com/oirp/system/CodeIgniter.php(832): App\Controllers\Page->cause()
#4 /var/www/vhosts/oirp-ong.com/oirp/system/CodeIgniter.php(419): CodeIgniter\CodeIgniter->runController()
#5 /var/www/vhosts/oirp-ong.com/oirp/system/CodeIgniter.php(326): CodeIgniter\CodeIgniter->handleRequest()
#6 /var/www/vhosts/oirp-ong.com/oirp/public/index.php(37): CodeIgniter\CodeIgniter->run()
#7 {main}
CRITICAL - 2022-06-06 12:55:11 --> Invalid file: oirp/pages/cause/images.php
#0 /var/www/vhosts/oirp-ong.com/oirp/system/View/View.php(198): CodeIgniter\Exceptions\FrameworkException::forInvalidFile()
#1 /var/www/vhosts/oirp-ong.com/oirp/system/Common.php(1089): CodeIgniter\View\View->render()
#2 /var/www/vhosts/oirp-ong.com/oirp/app/Controllers/Page.php(64): view()
#3 /var/www/vhosts/oirp-ong.com/oirp/system/CodeIgniter.php(832): App\Controllers\Page->cause()
#4 /var/www/vhosts/oirp-ong.com/oirp/system/CodeIgniter.php(419): CodeIgniter\CodeIgniter->runController()
#5 /var/www/vhosts/oirp-ong.com/oirp/system/CodeIgniter.php(326): CodeIgniter\CodeIgniter->handleRequest()
#6 /var/www/vhosts/oirp-ong.com/oirp/public/index.php(37): CodeIgniter\CodeIgniter->run()
#7 {main}
CRITICAL - 2022-06-06 12:56:26 --> Invalid file: oirp/pages/cause/images.php
#0 /var/www/vhosts/oirp-ong.com/oirp/system/View/View.php(198): CodeIgniter\Exceptions\FrameworkException::forInvalidFile()
#1 /var/www/vhosts/oirp-ong.com/oirp/system/Common.php(1089): CodeIgniter\View\View->render()
#2 /var/www/vhosts/oirp-ong.com/oirp/app/Controllers/Page.php(64): view()
#3 /var/www/vhosts/oirp-ong.com/oirp/system/CodeIgniter.php(832): App\Controllers\Page->cause()
#4 /var/www/vhosts/oirp-ong.com/oirp/system/CodeIgniter.php(419): CodeIgniter\CodeIgniter->runController()
#5 /var/www/vhosts/oirp-ong.com/oirp/system/CodeIgniter.php(326): CodeIgniter\CodeIgniter->handleRequest()
#6 /var/www/vhosts/oirp-ong.com/oirp/public/index.php(37): CodeIgniter\CodeIgniter->run()
#7 {main}
CRITICAL - 2022-06-06 12:56:43 --> Invalid file: oirp/pages/cause/images.php
#0 /var/www/vhosts/oirp-ong.com/oirp/system/View/View.php(198): CodeIgniter\Exceptions\FrameworkException::forInvalidFile()
#1 /var/www/vhosts/oirp-ong.com/oirp/system/Common.php(1089): CodeIgniter\View\View->render()
#2 /var/www/vhosts/oirp-ong.com/oirp/app/Controllers/Page.php(64): view()
#3 /var/www/vhosts/oirp-ong.com/oirp/system/CodeIgniter.php(832): App\Controllers\Page->cause()
#4 /var/www/vhosts/oirp-ong.com/oirp/system/CodeIgniter.php(419): CodeIgniter\CodeIgniter->runController()
#5 /var/www/vhosts/oirp-ong.com/oirp/system/CodeIgniter.php(326): CodeIgniter\CodeIgniter->handleRequest()
#6 /var/www/vhosts/oirp-ong.com/oirp/public/index.php(37): CodeIgniter\CodeIgniter->run()
#7 {main}
CRITICAL - 2022-06-06 13:04:32 --> Invalid file: oirp/pages/cause/images.php
#0 /var/www/vhosts/oirp-ong.com/oirp/system/View/View.php(198): CodeIgniter\Exceptions\FrameworkException::forInvalidFile()
#1 /var/www/vhosts/oirp-ong.com/oirp/system/Common.php(1089): CodeIgniter\View\View->render()
#2 /var/www/vhosts/oirp-ong.com/oirp/app/Controllers/Page.php(64): view()
#3 /var/www/vhosts/oirp-ong.com/oirp/system/CodeIgniter.php(832): App\Controllers\Page->cause()
#4 /var/www/vhosts/oirp-ong.com/oirp/system/CodeIgniter.php(419): CodeIgniter\CodeIgniter->runController()
#5 /var/www/vhosts/oirp-ong.com/oirp/system/CodeIgniter.php(326): CodeIgniter\CodeIgniter->handleRequest()
#6 /var/www/vhosts/oirp-ong.com/oirp/public/index.php(37): CodeIgniter\CodeIgniter->run()
#7 {main}
CRITICAL - 2022-06-06 13:07:51 --> Invalid file: oirp/pages/cause/images.php
#0 /var/www/vhosts/oirp-ong.com/oirp/system/View/View.php(198): CodeIgniter\Exceptions\FrameworkException::forInvalidFile()
#1 /var/www/vhosts/oirp-ong.com/oirp/system/Common.php(1089): CodeIgniter\View\View->render()
#2 /var/www/vhosts/oirp-ong.com/oirp/app/Controllers/Page.php(64): view()
#3 /var/www/vhosts/oirp-ong.com/oirp/system/CodeIgniter.php(832): App\Controllers\Page->cause()
#4 /var/www/vhosts/oirp-ong.com/oirp/system/CodeIgniter.php(419): CodeIgniter\CodeIgniter->runController()
#5 /var/www/vhosts/oirp-ong.com/oirp/system/CodeIgniter.php(326): CodeIgniter\CodeIgniter->handleRequest()
#6 /var/www/vhosts/oirp-ong.com/oirp/public/index.php(37): CodeIgniter\CodeIgniter->run()
#7 {main}
CRITICAL - 2022-06-06 13:07:52 --> Invalid file: oirp/pages/cause/images.php
#0 /var/www/vhosts/oirp-ong.com/oirp/system/View/View.php(198): CodeIgniter\Exceptions\FrameworkException::forInvalidFile()
#1 /var/www/vhosts/oirp-ong.com/oirp/system/Common.php(1089): CodeIgniter\View\View->render()
#2 /var/www/vhosts/oirp-ong.com/oirp/app/Controllers/Page.php(64): view()
#3 /var/www/vhosts/oirp-ong.com/oirp/system/CodeIgniter.php(832): App\Controllers\Page->cause()
#4 /var/www/vhosts/oirp-ong.com/oirp/system/CodeIgniter.php(419): CodeIgniter\CodeIgniter->runController()
#5 /var/www/vhosts/oirp-ong.com/oirp/system/CodeIgniter.php(326): CodeIgniter\CodeIgniter->handleRequest()
#6 /var/www/vhosts/oirp-ong.com/oirp/public/index.php(37): CodeIgniter\CodeIgniter->run()
#7 {main}
CRITICAL - 2022-06-06 13:08:08 --> Invalid file: oirp/pages/cause/images.php
#0 /var/www/vhosts/oirp-ong.com/oirp/system/View/View.php(198): CodeIgniter\Exceptions\FrameworkException::forInvalidFile()
#1 /var/www/vhosts/oirp-ong.com/oirp/system/Common.php(1089): CodeIgniter\View\View->render()
#2 /var/www/vhosts/oirp-ong.com/oirp/app/Controllers/Page.php(64): view()
#3 /var/www/vhosts/oirp-ong.com/oirp/system/CodeIgniter.php(832): App\Controllers\Page->cause()
#4 /var/www/vhosts/oirp-ong.com/oirp/system/CodeIgniter.php(419): CodeIgniter\CodeIgniter->runController()
#5 /var/www/vhosts/oirp-ong.com/oirp/system/CodeIgniter.php(326): CodeIgniter\CodeIgniter->handleRequest()
#6 /var/www/vhosts/oirp-ong.com/oirp/public/index.php(37): CodeIgniter\CodeIgniter->run()
#7 {main}
