CRITICAL - 2022-06-04 20:01:31 --> Class "Page" does not exist
#0 /var/www/vhosts/oirp-ong.com/oirp/system/Debug/Toolbar/Collectors/Routes.php(71): ReflectionMethod->__construct()
#1 /var/www/vhosts/oirp-ong.com/oirp/system/Debug/Toolbar/Collectors/BaseCollector.php(224): CodeIgniter\Debug\Toolbar\Collectors\Routes->display()
#2 /var/www/vhosts/oirp-ong.com/oirp/system/Debug/Toolbar.php(90): CodeIgniter\Debug\Toolbar\Collectors\BaseCollector->getAsArray()
#3 /var/www/vhosts/oirp-ong.com/oirp/system/Debug/Toolbar.php(368): CodeIgniter\Debug\Toolbar->run()
#4 /var/www/vhosts/oirp-ong.com/oirp/system/Filters/DebugToolbar.php(40): CodeIgniter\Debug\Toolbar->prepare()
#5 /var/www/vhosts/oirp-ong.com/oirp/system/Filters/Filters.php(196): CodeIgniter\Filters\DebugToolbar->after()
#6 /var/www/vhosts/oirp-ong.com/oirp/system/CodeIgniter.php(436): CodeIgniter\Filters\Filters->run()
#7 /var/www/vhosts/oirp-ong.com/oirp/system/CodeIgniter.php(326): CodeIgniter\CodeIgniter->handleRequest()
#8 /var/www/vhosts/oirp-ong.com/oirp/public/index.php(37): CodeIgniter\CodeIgniter->run()
#9 {main}
CRITICAL - 2022-06-04 20:11:14 --> Invalid file: oirp/pages/cause/images.php
#0 /var/www/vhosts/oirp-ong.com/oirp/system/View/View.php(198): CodeIgniter\Exceptions\FrameworkException::forInvalidFile()
#1 /var/www/vhosts/oirp-ong.com/oirp/system/Common.php(1089): CodeIgniter\View\View->render()
#2 /var/www/vhosts/oirp-ong.com/oirp/app/Controllers/Page.php(64): view()
#3 /var/www/vhosts/oirp-ong.com/oirp/system/CodeIgniter.php(832): App\Controllers\Page->cause()
#4 /var/www/vhosts/oirp-ong.com/oirp/system/CodeIgniter.php(419): CodeIgniter\CodeIgniter->runController()
#5 /var/www/vhosts/oirp-ong.com/oirp/system/CodeIgniter.php(326): CodeIgniter\CodeIgniter->handleRequest()
#6 /var/www/vhosts/oirp-ong.com/oirp/public/index.php(37): CodeIgniter\CodeIgniter->run()
#7 {main}
CRITICAL - 2022-06-04 20:11:16 --> Invalid file: oirp/pages/cause/images.php
#0 /var/www/vhosts/oirp-ong.com/oirp/system/View/View.php(198): CodeIgniter\Exceptions\FrameworkException::forInvalidFile()
#1 /var/www/vhosts/oirp-ong.com/oirp/system/Common.php(1089): CodeIgniter\View\View->render()
#2 /var/www/vhosts/oirp-ong.com/oirp/app/Controllers/Page.php(64): view()
#3 /var/www/vhosts/oirp-ong.com/oirp/system/CodeIgniter.php(832): App\Controllers\Page->cause()
#4 /var/www/vhosts/oirp-ong.com/oirp/system/CodeIgniter.php(419): CodeIgniter\CodeIgniter->runController()
#5 /var/www/vhosts/oirp-ong.com/oirp/system/CodeIgniter.php(326): CodeIgniter\CodeIgniter->handleRequest()
#6 /var/www/vhosts/oirp-ong.com/oirp/public/index.php(37): CodeIgniter\CodeIgniter->run()
#7 {main}
CRITICAL - 2022-06-04 20:11:37 --> Invalid file: oirp/pages/cause/images.php
#0 /var/www/vhosts/oirp-ong.com/oirp/system/View/View.php(198): CodeIgniter\Exceptions\FrameworkException::forInvalidFile()
#1 /var/www/vhosts/oirp-ong.com/oirp/system/Common.php(1089): CodeIgniter\View\View->render()
#2 /var/www/vhosts/oirp-ong.com/oirp/app/Controllers/Page.php(64): view()
#3 /var/www/vhosts/oirp-ong.com/oirp/system/CodeIgniter.php(832): App\Controllers\Page->cause()
#4 /var/www/vhosts/oirp-ong.com/oirp/system/CodeIgniter.php(419): CodeIgniter\CodeIgniter->runController()
#5 /var/www/vhosts/oirp-ong.com/oirp/system/CodeIgniter.php(326): CodeIgniter\CodeIgniter->handleRequest()
#6 /var/www/vhosts/oirp-ong.com/oirp/public/index.php(37): CodeIgniter\CodeIgniter->run()
#7 {main}
CRITICAL - 2022-06-04 20:13:19 --> Invalid file: oirp/pages/cause/images.php
#0 /var/www/vhosts/oirp-ong.com/oirp/system/View/View.php(198): CodeIgniter\Exceptions\FrameworkException::forInvalidFile()
#1 /var/www/vhosts/oirp-ong.com/oirp/system/Common.php(1089): CodeIgniter\View\View->render()
#2 /var/www/vhosts/oirp-ong.com/oirp/app/Controllers/Page.php(64): view()
#3 /var/www/vhosts/oirp-ong.com/oirp/system/CodeIgniter.php(832): App\Controllers\Page->cause()
#4 /var/www/vhosts/oirp-ong.com/oirp/system/CodeIgniter.php(419): CodeIgniter\CodeIgniter->runController()
#5 /var/www/vhosts/oirp-ong.com/oirp/system/CodeIgniter.php(326): CodeIgniter\CodeIgniter->handleRequest()
#6 /var/www/vhosts/oirp-ong.com/oirp/public/index.php(37): CodeIgniter\CodeIgniter->run()
#7 {main}
CRITICAL - 2022-06-04 20:23:42 --> Invalid file: oirp/pages/cause/images.php
#0 /var/www/vhosts/oirp-ong.com/oirp/system/View/View.php(198): CodeIgniter\Exceptions\FrameworkException::forInvalidFile()
#1 /var/www/vhosts/oirp-ong.com/oirp/system/Common.php(1089): CodeIgniter\View\View->render()
#2 /var/www/vhosts/oirp-ong.com/oirp/app/Controllers/Page.php(64): view()
#3 /var/www/vhosts/oirp-ong.com/oirp/system/CodeIgniter.php(832): App\Controllers\Page->cause()
#4 /var/www/vhosts/oirp-ong.com/oirp/system/CodeIgniter.php(419): CodeIgniter\CodeIgniter->runController()
#5 /var/www/vhosts/oirp-ong.com/oirp/system/CodeIgniter.php(326): CodeIgniter\CodeIgniter->handleRequest()
#6 /var/www/vhosts/oirp-ong.com/oirp/public/index.php(37): CodeIgniter\CodeIgniter->run()
#7 {main}
